[0.318s] DEBUG:colcon:Command line arguments: ['/usr/bin/colcon', 'build', '--symlink-install']
[0.319s] DEBUG:colcon:Parsed command line arguments: Namespace(log_base=None, log_level=None, verb_name='build', build_base='build', install_base='install', merge_install=False, symlink_install=True, test_result_base=None, continue_on_error=False, executor='parallel', parallel_workers=8, event_handlers=None, ignore_user_meta=False, metas=['./colcon.meta'], base_paths=['.'], packages_ignore=None, packages_ignore_regex=None, paths=None, packages_up_to=None, packages_up_to_regex=None, packages_above=None, packages_above_and_dependencies=None, packages_above_depth=None, packages_select_by_dep=None, packages_skip_by_dep=None, packages_skip_up_to=None, packages_select_build_failed=False, packages_skip_build_finished=False, packages_select_test_failures=False, packages_skip_test_passed=False, packages_select=None, packages_skip=None, packages_select_regex=None, packages_skip_regex=None, packages_start=None, packages_end=None, cmake_args=None, cmake_target=None, cmake_target_skip_unavailable=False, cmake_clean_cache=False, cmake_clean_first=False, cmake_force_configure=False, ament_cmake_args=None, catkin_cmake_args=None, catkin_skip_building_tests=False, verb_parser=<colcon_defaults.argument_parser.defaults.DefaultArgumentsDecorator object at 0x7ab3f2233500>, verb_extension=<colcon_core.verb.build.BuildVerb object at 0x7ab3f2233380>, main=<bound method BuildVerb.main of <colcon_core.verb.build.BuildVerb object at 0x7ab3f2233380>>)
[0.393s] Level 1:colcon.colcon_core.package_discovery:discover_packages(colcon_meta) check parameters
[0.393s] Level 1:colcon.colcon_core.package_discovery:discover_packages(recursive) check parameters
[0.393s] Level 1:colcon.colcon_core.package_discovery:discover_packages(ignore) check parameters
[0.393s] Level 1:colcon.colcon_core.package_discovery:discover_packages(path) check parameters
[0.393s] Level 1:colcon.colcon_core.package_discovery:discover_packages(colcon_meta) discover
[0.393s] Level 1:colcon.colcon_core.package_discovery:discover_packages(recursive) discover
[0.394s] INFO:colcon.colcon_core.package_discovery:Crawling recursively for packages in '/home/esau/pc4_robotica'
[0.394s] Level 1:colcon.colcon_core.package_identification:_identify(.) by extensions ['ignore', 'ignore_ament_install']
[0.394s] Level 1:colcon.colcon_core.package_identification:_identify(.) by extension 'ignore'
[0.394s] Level 1:colcon.colcon_core.package_identification:_identify(.) by extension 'ignore_ament_install'
[0.394s] Level 1:colcon.colcon_core.package_identification:_identify(.) by extensions ['colcon_pkg']
[0.394s] Level 1:colcon.colcon_core.package_identification:_identify(.) by extension 'colcon_pkg'
[0.394s] Level 1:colcon.colcon_core.package_identification:_identify(.) by extensions ['colcon_meta']
[0.394s] Level 1:colcon.colcon_core.package_identification:_identify(.) by extension 'colcon_meta'
[0.394s] Level 1:colcon.colcon_core.package_identification:_identify(.) by extensions ['ros']
[0.394s] Level 1:colcon.colcon_core.package_identification:_identify(.) by extension 'ros'
[0.443s] Level 1:colcon.colcon_core.package_identification:_identify(.) by extensions ['cmake', 'python']
[0.443s] Level 1:colcon.colcon_core.package_identification:_identify(.) by extension 'cmake'
[0.443s] Level 1:colcon.colcon_core.package_identification:_identify(.) by extension 'python'
[0.443s] Level 1:colcon.colcon_core.package_identification:_identify(.) by extensions ['python_setup_py']
[0.443s] Level 1:colcon.colcon_core.package_identification:_identify(.) by extension 'python_setup_py'
[0.443s] Level 1:colcon.colcon_core.package_identification:_identify(brazo_robot_ws) by extensions ['ignore', 'ignore_ament_install']
[0.443s] Level 1:colcon.colcon_core.package_identification:_identify(brazo_robot_ws) by extension 'ignore'
[0.443s] Level 1:colcon.colcon_core.package_identification:_identify(brazo_robot_ws) by extension 'ignore_ament_install'
[0.443s] Level 1:colcon.colcon_core.package_identification:_identify(brazo_robot_ws) by extensions ['colcon_pkg']
[0.443s] Level 1:colcon.colcon_core.package_identification:_identify(brazo_robot_ws) by extension 'colcon_pkg'
[0.444s] Level 1:colcon.colcon_core.package_identification:_identify(brazo_robot_ws) by extensions ['colcon_meta']
[0.444s] Level 1:colcon.colcon_core.package_identification:_identify(brazo_robot_ws) by extension 'colcon_meta'
[0.444s] Level 1:colcon.colcon_core.package_identification:_identify(brazo_robot_ws) by extensions ['ros']
[0.444s] Level 1:colcon.colcon_core.package_identification:_identify(brazo_robot_ws) by extension 'ros'
[0.444s] Level 1:colcon.colcon_core.package_identification:_identify(brazo_robot_ws) by extensions ['cmake', 'python']
[0.444s] Level 1:colcon.colcon_core.package_identification:_identify(brazo_robot_ws) by extension 'cmake'
[0.444s] Level 1:colcon.colcon_core.package_identification:_identify(brazo_robot_ws) by extension 'python'
[0.444s] Level 1:colcon.colcon_core.package_identification:_identify(brazo_robot_ws) by extensions ['python_setup_py']
[0.444s] Level 1:colcon.colcon_core.package_identification:_identify(brazo_robot_ws) by extension 'python_setup_py'
[0.444s] Level 1:colcon.colcon_core.package_identification:_identify(brazo_robot_ws/build) by extensions ['ignore', 'ignore_ament_install']
[0.444s] Level 1:colcon.colcon_core.package_identification:_identify(brazo_robot_ws/build) by extension 'ignore'
[0.444s] Level 1:colcon.colcon_core.package_identification:_identify(brazo_robot_ws/build) ignored
[0.444s] Level 1:colcon.colcon_core.package_identification:_identify(brazo_robot_ws/install) by extensions ['ignore', 'ignore_ament_install']
[0.444s] Level 1:colcon.colcon_core.package_identification:_identify(brazo_robot_ws/install) by extension 'ignore'
[0.444s] Level 1:colcon.colcon_core.package_identification:_identify(brazo_robot_ws/install) ignored
[0.444s] Level 1:colcon.colcon_core.package_identification:_identify(brazo_robot_ws/log) by extensions ['ignore', 'ignore_ament_install']
[0.444s] Level 1:colcon.colcon_core.package_identification:_identify(brazo_robot_ws/log) by extension 'ignore'
[0.444s] Level 1:colcon.colcon_core.package_identification:_identify(brazo_robot_ws/log) ignored
[0.444s] Level 1:colcon.colcon_core.package_identification:_identify(brazo_robot_ws/src) by extensions ['ignore', 'ignore_ament_install']
[0.444s] Level 1:colcon.colcon_core.package_identification:_identify(brazo_robot_ws/src) by extension 'ignore'
[0.445s] Level 1:colcon.colcon_core.package_identification:_identify(brazo_robot_ws/src) by extension 'ignore_ament_install'
[0.445s] Level 1:colcon.colcon_core.package_identification:_identify(brazo_robot_ws/src) by extensions ['colcon_pkg']
[0.445s] Level 1:colcon.colcon_core.package_identification:_identify(brazo_robot_ws/src) by extension 'colcon_pkg'
[0.445s] Level 1:colcon.colcon_core.package_identification:_identify(brazo_robot_ws/src) by extensions ['colcon_meta']
[0.445s] Level 1:colcon.colcon_core.package_identification:_identify(brazo_robot_ws/src) by extension 'colcon_meta'
[0.445s] Level 1:colcon.colcon_core.package_identification:_identify(brazo_robot_ws/src) by extensions ['ros']
[0.445s] Level 1:colcon.colcon_core.package_identification:_identify(brazo_robot_ws/src) by extension 'ros'
[0.445s] Level 1:colcon.colcon_core.package_identification:_identify(brazo_robot_ws/src) by extensions ['cmake', 'python']
[0.445s] Level 1:colcon.colcon_core.package_identification:_identify(brazo_robot_ws/src) by extension 'cmake'
[0.445s] Level 1:colcon.colcon_core.package_identification:_identify(brazo_robot_ws/src) by extension 'python'
[0.445s] Level 1:colcon.colcon_core.package_identification:_identify(brazo_robot_ws/src) by extensions ['python_setup_py']
[0.445s] Level 1:colcon.colcon_core.package_identification:_identify(brazo_robot_ws/src) by extension 'python_setup_py'
[0.445s] Level 1:colcon.colcon_core.package_identification:_identify(brazo_robot_ws/src/brazo_pkg) by extensions ['ignore', 'ignore_ament_install']
[0.445s] Level 1:colcon.colcon_core.package_identification:_identify(brazo_robot_ws/src/brazo_pkg) by extension 'ignore'
[0.445s] Level 1:colcon.colcon_core.package_identification:_identify(brazo_robot_ws/src/brazo_pkg) by extension 'ignore_ament_install'
[0.445s] Level 1:colcon.colcon_core.package_identification:_identify(brazo_robot_ws/src/brazo_pkg) by extensions ['colcon_pkg']
[0.445s] Level 1:colcon.colcon_core.package_identification:_identify(brazo_robot_ws/src/brazo_pkg) by extension 'colcon_pkg'
[0.445s] Level 1:colcon.colcon_core.package_identification:_identify(brazo_robot_ws/src/brazo_pkg) by extensions ['colcon_meta']
[0.445s] Level 1:colcon.colcon_core.package_identification:_identify(brazo_robot_ws/src/brazo_pkg) by extension 'colcon_meta'
[0.447s] Level 1:colcon.colcon_core.package_identification:_identify(brazo_robot_ws/src/brazo_pkg) by extensions ['ros']
[0.447s] Level 1:colcon.colcon_core.package_identification:_identify(brazo_robot_ws/src/brazo_pkg) by extension 'ros'
[0.452s] DEBUG:colcon.colcon_core.package_identification:Package 'brazo_robot_ws/src/brazo_pkg' with type 'ros.ament_python' and name 'brazo_pkg'
[0.452s] Level 1:colcon.colcon_core.package_identification:_identify(build) by extensions ['ignore', 'ignore_ament_install']
[0.452s] Level 1:colcon.colcon_core.package_identification:_identify(build) by extension 'ignore'
[0.452s] Level 1:colcon.colcon_core.package_identification:_identify(build) ignored
[0.452s] Level 1:colcon.colcon_core.package_identification:_identify(install) by extensions ['ignore', 'ignore_ament_install']
[0.452s] Level 1:colcon.colcon_core.package_identification:_identify(install) by extension 'ignore'
[0.452s] Level 1:colcon.colcon_core.package_identification:_identify(install) ignored
[0.452s] Level 1:colcon.colcon_core.package_identification:_identify(log) by extensions ['ignore', 'ignore_ament_install']
[0.452s] Level 1:colcon.colcon_core.package_identification:_identify(log) by extension 'ignore'
[0.452s] Level 1:colcon.colcon_core.package_identification:_identify(log) ignored
[0.452s] Level 1:colcon.colcon_core.package_discovery:discover_packages(recursive) using defaults
[0.452s] Level 1:colcon.colcon_core.package_discovery:discover_packages(ignore) discover
[0.452s] Level 1:colcon.colcon_core.package_discovery:discover_packages(ignore) using defaults
[0.452s] Level 1:colcon.colcon_core.package_discovery:discover_packages(path) discover
[0.452s] Level 1:colcon.colcon_core.package_discovery:discover_packages(path) using defaults
[0.492s] Level 5:colcon.colcon_core.verb:set package 'brazo_pkg' build argument 'cmake_args' from command line to 'None'
[0.492s] Level 5:colcon.colcon_core.verb:set package 'brazo_pkg' build argument 'cmake_target' from command line to 'None'
[0.492s] Level 5:colcon.colcon_core.verb:set package 'brazo_pkg' build argument 'cmake_target_skip_unavailable' from command line to 'False'
[0.492s] Level 5:colcon.colcon_core.verb:set package 'brazo_pkg' build argument 'cmake_clean_cache' from command line to 'False'
[0.492s] Level 5:colcon.colcon_core.verb:set package 'brazo_pkg' build argument 'cmake_clean_first' from command line to 'False'
[0.492s] Level 5:colcon.colcon_core.verb:set package 'brazo_pkg' build argument 'cmake_force_configure' from command line to 'False'
[0.492s] Level 5:colcon.colcon_core.verb:set package 'brazo_pkg' build argument 'ament_cmake_args' from command line to 'None'
[0.492s] Level 5:colcon.colcon_core.verb:set package 'brazo_pkg' build argument 'catkin_cmake_args' from command line to 'None'
[0.492s] Level 5:colcon.colcon_core.verb:set package 'brazo_pkg' build argument 'catkin_skip_building_tests' from command line to 'False'
[0.492s] DEBUG:colcon.colcon_core.verb:Building package 'brazo_pkg' with the following arguments: {'ament_cmake_args': None, 'build_base': '/home/esau/pc4_robotica/build/brazo_pkg', 'catkin_cmake_args': None, 'catkin_skip_building_tests': False, 'cmake_args': None, 'cmake_clean_cache': False, 'cmake_clean_first': False, 'cmake_force_configure': False, 'cmake_target': None, 'cmake_target_skip_unavailable': False, 'install_base': '/home/esau/pc4_robotica/install/brazo_pkg', 'merge_install': False, 'path': '/home/esau/pc4_robotica/brazo_robot_ws/src/brazo_pkg', 'symlink_install': True, 'test_result_base': None}
[0.492s] INFO:colcon.colcon_core.executor:Executing jobs using 'parallel' executor
[0.496s] DEBUG:colcon.colcon_parallel_executor.executor.parallel:run_until_complete
[0.496s] INFO:colcon.colcon_ros.task.ament_python.build:Building ROS package in '/home/esau/pc4_robotica/brazo_robot_ws/src/brazo_pkg' with build type 'ament_python'
[0.497s] Level 1:colcon.colcon_core.shell:create_environment_hook('brazo_pkg', 'ament_prefix_path')
[0.501s] INFO:colcon.colcon_core.plugin_system:Skipping extension 'colcon_core.shell.bat': Not used on non-Windows systems
[0.501s] INFO:colcon.colcon_core.shell:Creating environment descriptor '/home/esau/pc4_robotica/install/brazo_pkg/share/brazo_pkg/hook/ament_prefix_path.dsv'
[0.518s] INFO:colcon.colcon_core.shell:Creating environment hook '/home/esau/pc4_robotica/install/brazo_pkg/share/brazo_pkg/hook/ament_prefix_path.sh'
[0.519s] DEBUG:colcon.colcon_core.shell:Skip shell extension 'dsv' for command environment
[0.927s] WARNING:colcon.colcon_ros.task.ament_python.build:Package 'brazo_pkg' doesn't explicitly install a marker in the package index (colcon-ros currently does it implicitly but that fallback will be removed in the future)
[0.947s] INFO:colcon.colcon_core.task.python.build:Building Python package in '/home/esau/pc4_robotica/brazo_robot_ws/src/brazo_pkg'
[0.947s] DEBUG:colcon.colcon_core.shell:Skip shell extension 'dsv' for command environment
[2.162s] DEBUG:colcon.colcon_core.event_handler.log_command:Invoking command in '/home/esau/pc4_robotica/build/brazo_pkg': PYTHONPATH=/home/esau/pc4_robotica/build/brazo_pkg/prefix_override:/usr/lib/python3/dist-packages/colcon_core/task/python/colcon_distutils_commands:/home/esau/pc4_robotica/install/brazo_pkg/lib/python3.12/site-packages:${PYTHONPATH} /usr/bin/python3 -W ignore:setup.py install is deprecated -W ignore:easy_install command is deprecated setup.py develop --editable --build-directory /home/esau/pc4_robotica/build/brazo_pkg/build --no-deps symlink_data
[3.288s] Level 1:colcon.colcon_core.shell:create_environment_hook('brazo_pkg', 'pythonpath_develop')
[3.288s] INFO:colcon.colcon_core.shell:Creating environment descriptor '/home/esau/pc4_robotica/build/brazo_pkg/share/brazo_pkg/hook/pythonpath_develop.dsv'
[3.289s] DEBUG:colcon.colcon_core.event_handler.log_command:Invoked command in '/home/esau/pc4_robotica/build/brazo_pkg' returned '0': PYTHONPATH=/home/esau/pc4_robotica/build/brazo_pkg/prefix_override:/usr/lib/python3/dist-packages/colcon_core/task/python/colcon_distutils_commands:/home/esau/pc4_robotica/install/brazo_pkg/lib/python3.12/site-packages:${PYTHONPATH} /usr/bin/python3 -W ignore:setup.py install is deprecated -W ignore:easy_install command is deprecated setup.py develop --editable --build-directory /home/esau/pc4_robotica/build/brazo_pkg/build --no-deps symlink_data
[3.291s] INFO:colcon.colcon_core.shell:Creating environment hook '/home/esau/pc4_robotica/build/brazo_pkg/share/brazo_pkg/hook/pythonpath_develop.sh'
[3.294s] Level 1:colcon.colcon_core.environment:checking '/home/esau/pc4_robotica/install/brazo_pkg' for CMake module files
[3.295s] Level 1:colcon.colcon_core.environment:checking '/home/esau/pc4_robotica/install/brazo_pkg' for CMake config files
[3.295s] Level 1:colcon.colcon_core.environment:checking '/home/esau/pc4_robotica/install/brazo_pkg/lib'
[3.296s] Level 1:colcon.colcon_core.environment:checking '/home/esau/pc4_robotica/install/brazo_pkg/bin'
[3.296s] Level 1:colcon.colcon_core.shell:create_environment_hook('brazo_pkg', 'path')
[3.296s] INFO:colcon.colcon_core.shell:Creating environment descriptor '/home/esau/pc4_robotica/install/brazo_pkg/share/brazo_pkg/hook/path.dsv'
[3.296s] INFO:colcon.colcon_core.shell:Creating environment hook '/home/esau/pc4_robotica/install/brazo_pkg/share/brazo_pkg/hook/path.sh'
[3.297s] Level 1:colcon.colcon_core.environment:checking '/home/esau/pc4_robotica/install/brazo_pkg/lib/pkgconfig/brazo_pkg.pc'
[3.297s] Level 1:colcon.colcon_core.environment:checking '/home/esau/pc4_robotica/install/brazo_pkg/lib/python3.12/site-packages'
[3.297s] Level 1:colcon.colcon_core.shell:create_environment_hook('brazo_pkg', 'pythonpath')
[3.297s] INFO:colcon.colcon_core.shell:Creating environment descriptor '/home/esau/pc4_robotica/install/brazo_pkg/share/brazo_pkg/hook/pythonpath.dsv'
[3.297s] INFO:colcon.colcon_core.shell:Creating environment hook '/home/esau/pc4_robotica/install/brazo_pkg/share/brazo_pkg/hook/pythonpath.sh'
[3.298s] Level 1:colcon.colcon_core.environment:checking '/home/esau/pc4_robotica/install/brazo_pkg/bin'
[3.298s] Level 1:colcon.colcon_core.shell:create_environment_hook('brazo_pkg', 'pythonscriptspath')
[3.298s] INFO:colcon.colcon_core.shell:Creating environment descriptor '/home/esau/pc4_robotica/install/brazo_pkg/share/brazo_pkg/hook/pythonscriptspath.dsv'
[3.299s] INFO:colcon.colcon_core.shell:Creating environment hook '/home/esau/pc4_robotica/install/brazo_pkg/share/brazo_pkg/hook/pythonscriptspath.sh'
[3.299s] Level 1:colcon.colcon_core.environment:create_environment_scripts_only(brazo_pkg)
[3.299s] INFO:colcon.colcon_core.shell:Creating package descriptor '/home/esau/pc4_robotica/install/brazo_pkg/share/brazo_pkg/package.dsv'
[3.300s] INFO:colcon.colcon_core.shell:Creating package script '/home/esau/pc4_robotica/install/brazo_pkg/share/brazo_pkg/package.sh'
[3.301s] INFO:colcon.colcon_core.shell:Creating package script '/home/esau/pc4_robotica/install/brazo_pkg/share/brazo_pkg/package.bash'
[3.302s] INFO:colcon.colcon_core.shell:Creating package script '/home/esau/pc4_robotica/install/brazo_pkg/share/brazo_pkg/package.zsh'
[3.302s] Level 1:colcon.colcon_core.environment:create_file_with_runtime_dependencies(/home/esau/pc4_robotica/install/brazo_pkg/share/colcon-core/packages/brazo_pkg)
[3.303s] DEBUG:colcon.colcon_parallel_executor.executor.parallel:closing loop
[3.304s] DEBUG:colcon.colcon_parallel_executor.executor.parallel:loop closed
[3.305s] DEBUG:colcon.colcon_parallel_executor.executor.parallel:run_until_complete finished with '0'
[3.305s] DEBUG:colcon.colcon_core.event_reactor:joining thread
[3.397s] INFO:colcon.colcon_core.plugin_system:Skipping extension 'colcon_notification.desktop_notification.notify_send': Could not find 'notify-send'
[3.398s] INFO:colcon.colcon_core.plugin_system:Skipping extension 'colcon_notification.desktop_notification.terminal_notifier': Not used on non-Darwin systems
[3.398s] INFO:colcon.colcon_core.plugin_system:Skipping extension 'colcon_notification.desktop_notification.win32': Not used on non-Windows systems
[3.398s] INFO:colcon.colcon_notification.desktop_notification:Sending desktop notification using 'notify2'
[3.401s] DEBUG:colcon.colcon_notification.desktop_notification.notify2:Failed to initialize notify2: org.freedesktop.DBus.Error.ServiceUnknown: The name org.freedesktop.Notifications was not provided by any .service files
[3.401s] DEBUG:colcon.colcon_core.event_reactor:joined thread
[3.401s] INFO:colcon.colcon_core.shell:Creating prefix script '/home/esau/pc4_robotica/install/local_setup.sh'
[3.402s] INFO:colcon.colcon_core.shell:Creating prefix util module '/home/esau/pc4_robotica/install/_local_setup_util_sh.py'
[3.403s] INFO:colcon.colcon_core.shell:Creating prefix chain script '/home/esau/pc4_robotica/install/setup.sh'
[3.406s] INFO:colcon.colcon_core.shell:Creating prefix script '/home/esau/pc4_robotica/install/local_setup.bash'
[3.407s] INFO:colcon.colcon_core.shell:Creating prefix chain script '/home/esau/pc4_robotica/install/setup.bash'
[3.408s] INFO:colcon.colcon_core.shell:Creating prefix script '/home/esau/pc4_robotica/install/local_setup.zsh'
[3.409s] INFO:colcon.colcon_core.shell:Creating prefix chain script '/home/esau/pc4_robotica/install/setup.zsh'
