[1.665s] Invoking command in '/home/esau/pc4_robotica/build/brazo_pkg': PYTHONPATH=/home/esau/pc4_robotica/build/brazo_pkg/prefix_override:/usr/lib/python3/dist-packages/colcon_core/task/python/colcon_distutils_commands:/home/esau/pc4_robotica/install/brazo_pkg/lib/python3.12/site-packages:${PYTHONPATH} /usr/bin/python3 -W ignore:setup.py install is deprecated -W ignore:easy_install command is deprecated setup.py develop --editable --build-directory /home/esau/pc4_robotica/build/brazo_pkg/build --no-deps symlink_data
[2.208s] running develop
[2.577s] running egg_info
[2.577s] creating brazo_pkg.egg-info
[2.613s] writing brazo_pkg.egg-info/PKG-INFO
[2.613s] writing dependency_links to brazo_pkg.egg-info/dependency_links.txt
[2.613s] writing entry points to brazo_pkg.egg-info/entry_points.txt
[2.614s] writing requirements to brazo_pkg.egg-info/requires.txt
[2.614s] writing top-level names to brazo_pkg.egg-info/top_level.txt
[2.614s] writing manifest file 'brazo_pkg.egg-info/SOURCES.txt'
[2.700s] reading manifest file 'brazo_pkg.egg-info/SOURCES.txt'
[2.700s] writing manifest file 'brazo_pkg.egg-info/SOURCES.txt'
[2.741s] running build_ext
[2.741s] Creating /home/esau/pc4_robotica/install/brazo_pkg/lib/python3.12/site-packages/brazo-pkg.egg-link (link to .)
[2.742s] Installing mover_brazo script to /home/esau/pc4_robotica/install/brazo_pkg/bin
[2.743s] 
[2.743s] Installed /home/esau/pc4_robotica/build/brazo_pkg
[2.744s] running symlink_data
[2.744s] symbolically linking /home/esau/pc4_robotica/build/brazo_pkg/package.xml -> /home/esau/pc4_robotica/install/brazo_pkg/share/brazo_pkg
[2.744s] creating /home/esau/pc4_robotica/install/brazo_pkg/share/brazo_pkg/launch
[2.744s] symbolically linking /home/esau/pc4_robotica/build/brazo_pkg/launch/brazo_sim.launch.py -> /home/esau/pc4_robotica/install/brazo_pkg/share/brazo_pkg/launch
[2.745s] creating /home/esau/pc4_robotica/install/brazo_pkg/share/brazo_pkg/rviz
[2.745s] creating /home/esau/pc4_robotica/install/brazo_pkg/share/brazo_pkg/urdf
[2.745s] symbolically linking /home/esau/pc4_robotica/build/brazo_pkg/urdf/brazo.xacro -> /home/esau/pc4_robotica/install/brazo_pkg/share/brazo_pkg/urdf
[2.745s] creating /home/esau/pc4_robotica/install/brazo_pkg/share/brazo_pkg/meshes
[2.792s] Invoked command in '/home/esau/pc4_robotica/build/brazo_pkg' returned '0': PYTHONPATH=/home/esau/pc4_robotica/build/brazo_pkg/prefix_override:/usr/lib/python3/dist-packages/colcon_core/task/python/colcon_distutils_commands:/home/esau/pc4_robotica/install/brazo_pkg/lib/python3.12/site-packages:${PYTHONPATH} /usr/bin/python3 -W ignore:setup.py install is deprecated -W ignore:easy_install command is deprecated setup.py develop --editable --build-directory /home/esau/pc4_robotica/build/brazo_pkg/build --no-deps symlink_data
